Compiling the C compiler identification source file "CMakeCCompilerId.c" failed.
Compiler: /usr/bin/x86_64-linux-gnu-gcc-7 
Build flags: 
Id flags:  

The output was:
系统找不到指定的文件。


Compiling the C compiler identification source file "CMakeCCompilerId.c" failed.
Compiler: /usr/bin/x86_64-linux-gnu-gcc-7 
Build flags: 
Id flags: -c 

The output was:
系统找不到指定的文件。


Compiling the C compiler identification source file "CMakeCCompilerId.c" failed.
Compiler: /usr/bin/x86_64-linux-gnu-gcc-7 
Build flags: 
Id flags: -Aa 

The output was:
系统找不到指定的文件。


Compiling the C compiler identification source file "CMakeCCompilerId.c" failed.
Compiler: /usr/bin/x86_64-linux-gnu-gcc-7 
Build flags: 
Id flags: -D__CLASSIC_C__ 

The output was:
系统找不到指定的文件。


Compiling the C compiler identification source file "CMakeCCompilerId.c" failed.
Compiler: /usr/bin/x86_64-linux-gnu-gcc-7 
Build flags: 
Id flags: --target=arm-arm-none-eabi;-mcpu=cortex-m3 

The output was:
系统找不到指定的文件。


Compiling the C compiler identification source file "CMakeCCompilerId.c" failed.
Compiler: /usr/bin/x86_64-linux-gnu-gcc-7 
Build flags: 
Id flags: -c;-I__does_not_exist__ 

The output was:
系统找不到指定的文件。


Compiling the C compiler identification source file "CMakeCCompilerId.c" failed.
Compiler: /usr/bin/x86_64-linux-gnu-gcc-7 
Build flags: 
Id flags:  

The output was:
系统找不到指定的文件。


Compiling the C compiler identification source file "CMakeCCompilerId.c" failed.
Compiler: /usr/bin/x86_64-linux-gnu-gcc-7 
Build flags: 
Id flags: -c 

The output was:
系统找不到指定的文件。


Compiling the C compiler identification source file "CMakeCCompilerId.c" failed.
Compiler: /usr/bin/x86_64-linux-gnu-gcc-7 
Build flags: 
Id flags: -Aa 

The output was:
系统找不到指定的文件。


Compiling the C compiler identification source file "CMakeCCompilerId.c" failed.
Compiler: /usr/bin/x86_64-linux-gnu-gcc-7 
Build flags: 
Id flags: -D__CLASSIC_C__ 

The output was:
系统找不到指定的文件。


Compiling the C compiler identification source file "CMakeCCompilerId.c" failed.
Compiler: /usr/bin/x86_64-linux-gnu-gcc-7 
Build flags: 
Id flags: --target=arm-arm-none-eabi;-mcpu=cortex-m3 

The output was:
系统找不到指定的文件。


Compiling the C compiler identification source file "CMakeCCompilerId.c" failed.
Compiler: /usr/bin/x86_64-linux-gnu-gcc-7 
Build flags: 
Id flags: -c;-I__does_not_exist__ 

The output was:
系统找不到指定的文件。


Checking whether the C compiler is IAR using "" did not match "IAR .+ Compiler":
Checking whether the C compiler is IAR using "" did not match "IAR .+ Compiler":
Compiling the CXX compiler identification source file "CMakeCXXCompilerId.cpp" failed.
Compiler: /usr/bin/x86_64-linux-gnu-g++-7 
Build flags: 
Id flags:  

The output was:
系统找不到指定的文件。


Compiling the CXX compiler identification source file "CMakeCXXCompilerId.cpp" failed.
Compiler: /usr/bin/x86_64-linux-gnu-g++-7 
Build flags: 
Id flags: -c 

The output was:
系统找不到指定的文件。


Compiling the CXX compiler identification source file "CMakeCXXCompilerId.cpp" failed.
Compiler: /usr/bin/x86_64-linux-gnu-g++-7 
Build flags: 
Id flags: --c++ 

The output was:
系统找不到指定的文件。


Compiling the CXX compiler identification source file "CMakeCXXCompilerId.cpp" failed.
Compiler: /usr/bin/x86_64-linux-gnu-g++-7 
Build flags: 
Id flags: --ec++ 

The output was:
系统找不到指定的文件。


Compiling the CXX compiler identification source file "CMakeCXXCompilerId.cpp" failed.
Compiler: /usr/bin/x86_64-linux-gnu-g++-7 
Build flags: 
Id flags: --target=arm-arm-none-eabi;-mcpu=cortex-m3 

The output was:
系统找不到指定的文件。


Compiling the CXX compiler identification source file "CMakeCXXCompilerId.cpp" failed.
Compiler: /usr/bin/x86_64-linux-gnu-g++-7 
Build flags: 
Id flags: -c;-I__does_not_exist__ 

The output was:
系统找不到指定的文件。


Compiling the CXX compiler identification source file "CMakeCXXCompilerId.cpp" failed.
Compiler: /usr/bin/x86_64-linux-gnu-g++-7 
Build flags: 
Id flags:  

The output was:
系统找不到指定的文件。


Compiling the CXX compiler identification source file "CMakeCXXCompilerId.cpp" failed.
Compiler: /usr/bin/x86_64-linux-gnu-g++-7 
Build flags: 
Id flags: -c 

The output was:
系统找不到指定的文件。


Compiling the CXX compiler identification source file "CMakeCXXCompilerId.cpp" failed.
Compiler: /usr/bin/x86_64-linux-gnu-g++-7 
Build flags: 
Id flags: --c++ 

The output was:
系统找不到指定的文件。


Compiling the CXX compiler identification source file "CMakeCXXCompilerId.cpp" failed.
Compiler: /usr/bin/x86_64-linux-gnu-g++-7 
Build flags: 
Id flags: --ec++ 

The output was:
系统找不到指定的文件。


Compiling the CXX compiler identification source file "CMakeCXXCompilerId.cpp" failed.
Compiler: /usr/bin/x86_64-linux-gnu-g++-7 
Build flags: 
Id flags: --target=arm-arm-none-eabi;-mcpu=cortex-m3 

The output was:
系统找不到指定的文件。


Compiling the CXX compiler identification source file "CMakeCXXCompilerId.cpp" failed.
Compiler: /usr/bin/x86_64-linux-gnu-g++-7 
Build flags: 
Id flags: -c;-I__does_not_exist__ 

The output was:
系统找不到指定的文件。


Checking whether the CXX compiler is IAR using "" did not match "IAR .+ Compiler":
Checking whether the CXX compiler is IAR using "" did not match "IAR .+ Compiler":
Compiling the C compiler identification source file "CMakeCCompilerId.c" failed.
Compiler: /usr/bin/x86_64-linux-gnu-gcc-7 
Build flags: 
Id flags:  

The output was:
系统找不到指定的文件。


Compiling the C compiler identification source file "CMakeCCompilerId.c" failed.
Compiler: /usr/bin/x86_64-linux-gnu-gcc-7 
Build flags: 
Id flags: -c 

The output was:
系统找不到指定的文件。


Compiling the C compiler identification source file "CMakeCCompilerId.c" failed.
Compiler: /usr/bin/x86_64-linux-gnu-gcc-7 
Build flags: 
Id flags: -Aa 

The output was:
系统找不到指定的文件。


Compiling the C compiler identification source file "CMakeCCompilerId.c" failed.
Compiler: /usr/bin/x86_64-linux-gnu-gcc-7 
Build flags: 
Id flags: -D__CLASSIC_C__ 

The output was:
系统找不到指定的文件。


Compiling the C compiler identification source file "CMakeCCompilerId.c" failed.
Compiler: /usr/bin/x86_64-linux-gnu-gcc-7 
Build flags: 
Id flags: --target=arm-arm-none-eabi;-mcpu=cortex-m3 

The output was:
系统找不到指定的文件。


Compiling the C compiler identification source file "CMakeCCompilerId.c" failed.
Compiler: /usr/bin/x86_64-linux-gnu-gcc-7 
Build flags: 
Id flags: -c;-I__does_not_exist__ 

The output was:
系统找不到指定的文件。


Compiling the C compiler identification source file "CMakeCCompilerId.c" failed.
Compiler: /usr/bin/x86_64-linux-gnu-gcc-7 
Build flags: 
Id flags:  

The output was:
系统找不到指定的文件。


Compiling the C compiler identification source file "CMakeCCompilerId.c" failed.
Compiler: /usr/bin/x86_64-linux-gnu-gcc-7 
Build flags: 
Id flags: -c 

The output was:
系统找不到指定的文件。


Compiling the C compiler identification source file "CMakeCCompilerId.c" failed.
Compiler: /usr/bin/x86_64-linux-gnu-gcc-7 
Build flags: 
Id flags: -Aa 

The output was:
系统找不到指定的文件。


Compiling the C compiler identification source file "CMakeCCompilerId.c" failed.
Compiler: /usr/bin/x86_64-linux-gnu-gcc-7 
Build flags: 
Id flags: -D__CLASSIC_C__ 

The output was:
系统找不到指定的文件。


Compiling the C compiler identification source file "CMakeCCompilerId.c" failed.
Compiler: /usr/bin/x86_64-linux-gnu-gcc-7 
Build flags: 
Id flags: --target=arm-arm-none-eabi;-mcpu=cortex-m3 

The output was:
系统找不到指定的文件。


Compiling the C compiler identification source file "CMakeCCompilerId.c" failed.
Compiler: /usr/bin/x86_64-linux-gnu-gcc-7 
Build flags: 
Id flags: -c;-I__does_not_exist__ 

The output was:
系统找不到指定的文件。


Checking whether the C compiler is IAR using "" did not match "IAR .+ Compiler":
Checking whether the C compiler is IAR using "" did not match "IAR .+ Compiler":
Compiling the CXX compiler identification source file "CMakeCXXCompilerId.cpp" failed.
Compiler: /usr/bin/x86_64-linux-gnu-g++-7 
Build flags: 
Id flags:  

The output was:
系统找不到指定的文件。


Compiling the CXX compiler identification source file "CMakeCXXCompilerId.cpp" failed.
Compiler: /usr/bin/x86_64-linux-gnu-g++-7 
Build flags: 
Id flags: -c 

The output was:
系统找不到指定的文件。


Compiling the CXX compiler identification source file "CMakeCXXCompilerId.cpp" failed.
Compiler: /usr/bin/x86_64-linux-gnu-g++-7 
Build flags: 
Id flags: --c++ 

The output was:
系统找不到指定的文件。


Compiling the CXX compiler identification source file "CMakeCXXCompilerId.cpp" failed.
Compiler: /usr/bin/x86_64-linux-gnu-g++-7 
Build flags: 
Id flags: --ec++ 

The output was:
系统找不到指定的文件。


Compiling the CXX compiler identification source file "CMakeCXXCompilerId.cpp" failed.
Compiler: /usr/bin/x86_64-linux-gnu-g++-7 
Build flags: 
Id flags: --target=arm-arm-none-eabi;-mcpu=cortex-m3 

The output was:
系统找不到指定的文件。


Compiling the CXX compiler identification source file "CMakeCXXCompilerId.cpp" failed.
Compiler: /usr/bin/x86_64-linux-gnu-g++-7 
Build flags: 
Id flags: -c;-I__does_not_exist__ 

The output was:
系统找不到指定的文件。


Compiling the CXX compiler identification source file "CMakeCXXCompilerId.cpp" failed.
Compiler: /usr/bin/x86_64-linux-gnu-g++-7 
Build flags: 
Id flags:  

The output was:
系统找不到指定的文件。


Compiling the CXX compiler identification source file "CMakeCXXCompilerId.cpp" failed.
Compiler: /usr/bin/x86_64-linux-gnu-g++-7 
Build flags: 
Id flags: -c 

The output was:
系统找不到指定的文件。


Compiling the CXX compiler identification source file "CMakeCXXCompilerId.cpp" failed.
Compiler: /usr/bin/x86_64-linux-gnu-g++-7 
Build flags: 
Id flags: --c++ 

The output was:
系统找不到指定的文件。


Compiling the CXX compiler identification source file "CMakeCXXCompilerId.cpp" failed.
Compiler: /usr/bin/x86_64-linux-gnu-g++-7 
Build flags: 
Id flags: --ec++ 

The output was:
系统找不到指定的文件。


Compiling the CXX compiler identification source file "CMakeCXXCompilerId.cpp" failed.
Compiler: /usr/bin/x86_64-linux-gnu-g++-7 
Build flags: 
Id flags: --target=arm-arm-none-eabi;-mcpu=cortex-m3 

The output was:
系统找不到指定的文件。


Compiling the CXX compiler identification source file "CMakeCXXCompilerId.cpp" failed.
Compiler: /usr/bin/x86_64-linux-gnu-g++-7 
Build flags: 
Id flags: -c;-I__does_not_exist__ 

The output was:
系统找不到指定的文件。


Checking whether the CXX compiler is IAR using "" did not match "IAR .+ Compiler":
Checking whether the CXX compiler is IAR using "" did not match "IAR .+ Compiler":
Compiling the C compiler identification source file "CMakeCCompilerId.c" failed.
Compiler: /usr/bin/x86_64-linux-gnu-gcc-7 
Build flags: 
Id flags:  

The output was:
系统找不到指定的文件。


Compiling the C compiler identification source file "CMakeCCompilerId.c" failed.
Compiler: /usr/bin/x86_64-linux-gnu-gcc-7 
Build flags: 
Id flags: -c 

The output was:
系统找不到指定的文件。


Compiling the C compiler identification source file "CMakeCCompilerId.c" failed.
Compiler: /usr/bin/x86_64-linux-gnu-gcc-7 
Build flags: 
Id flags: -Aa 

The output was:
系统找不到指定的文件。


Compiling the C compiler identification source file "CMakeCCompilerId.c" failed.
Compiler: /usr/bin/x86_64-linux-gnu-gcc-7 
Build flags: 
Id flags: -D__CLASSIC_C__ 

The output was:
系统找不到指定的文件。


Compiling the C compiler identification source file "CMakeCCompilerId.c" failed.
Compiler: /usr/bin/x86_64-linux-gnu-gcc-7 
Build flags: 
Id flags: --target=arm-arm-none-eabi;-mcpu=cortex-m3 

The output was:
系统找不到指定的文件。


Compiling the C compiler identification source file "CMakeCCompilerId.c" failed.
Compiler: /usr/bin/x86_64-linux-gnu-gcc-7 
Build flags: 
Id flags: -c;-I__does_not_exist__ 

The output was:
系统找不到指定的文件。


Compiling the C compiler identification source file "CMakeCCompilerId.c" failed.
Compiler: /usr/bin/x86_64-linux-gnu-gcc-7 
Build flags: 
Id flags:  

The output was:
系统找不到指定的文件。


Compiling the C compiler identification source file "CMakeCCompilerId.c" failed.
Compiler: /usr/bin/x86_64-linux-gnu-gcc-7 
Build flags: 
Id flags: -c 

The output was:
系统找不到指定的文件。


Compiling the C compiler identification source file "CMakeCCompilerId.c" failed.
Compiler: /usr/bin/x86_64-linux-gnu-gcc-7 
Build flags: 
Id flags: -Aa 

The output was:
系统找不到指定的文件。


Compiling the C compiler identification source file "CMakeCCompilerId.c" failed.
Compiler: /usr/bin/x86_64-linux-gnu-gcc-7 
Build flags: 
Id flags: -D__CLASSIC_C__ 

The output was:
系统找不到指定的文件。


Compiling the C compiler identification source file "CMakeCCompilerId.c" failed.
Compiler: /usr/bin/x86_64-linux-gnu-gcc-7 
Build flags: 
Id flags: --target=arm-arm-none-eabi;-mcpu=cortex-m3 

The output was:
系统找不到指定的文件。


Compiling the C compiler identification source file "CMakeCCompilerId.c" failed.
Compiler: /usr/bin/x86_64-linux-gnu-gcc-7 
Build flags: 
Id flags: -c;-I__does_not_exist__ 

The output was:
系统找不到指定的文件。


Checking whether the C compiler is IAR using "" did not match "IAR .+ Compiler":
Checking whether the C compiler is IAR using "" did not match "IAR .+ Compiler":
Compiling the CXX compiler identification source file "CMakeCXXCompilerId.cpp" failed.
Compiler: /usr/bin/x86_64-linux-gnu-g++-7 
Build flags: 
Id flags:  

The output was:
系统找不到指定的文件。


Compiling the CXX compiler identification source file "CMakeCXXCompilerId.cpp" failed.
Compiler: /usr/bin/x86_64-linux-gnu-g++-7 
Build flags: 
Id flags: -c 

The output was:
系统找不到指定的文件。


Compiling the CXX compiler identification source file "CMakeCXXCompilerId.cpp" failed.
Compiler: /usr/bin/x86_64-linux-gnu-g++-7 
Build flags: 
Id flags: --c++ 

The output was:
系统找不到指定的文件。


Compiling the CXX compiler identification source file "CMakeCXXCompilerId.cpp" failed.
Compiler: /usr/bin/x86_64-linux-gnu-g++-7 
Build flags: 
Id flags: --ec++ 

The output was:
系统找不到指定的文件。


Compiling the CXX compiler identification source file "CMakeCXXCompilerId.cpp" failed.
Compiler: /usr/bin/x86_64-linux-gnu-g++-7 
Build flags: 
Id flags: --target=arm-arm-none-eabi;-mcpu=cortex-m3 

The output was:
系统找不到指定的文件。


Compiling the CXX compiler identification source file "CMakeCXXCompilerId.cpp" failed.
Compiler: /usr/bin/x86_64-linux-gnu-g++-7 
Build flags: 
Id flags: -c;-I__does_not_exist__ 

The output was:
系统找不到指定的文件。


Compiling the CXX compiler identification source file "CMakeCXXCompilerId.cpp" failed.
Compiler: /usr/bin/x86_64-linux-gnu-g++-7 
Build flags: 
Id flags:  

The output was:
系统找不到指定的文件。


Compiling the CXX compiler identification source file "CMakeCXXCompilerId.cpp" failed.
Compiler: /usr/bin/x86_64-linux-gnu-g++-7 
Build flags: 
Id flags: -c 

The output was:
系统找不到指定的文件。


Compiling the CXX compiler identification source file "CMakeCXXCompilerId.cpp" failed.
Compiler: /usr/bin/x86_64-linux-gnu-g++-7 
Build flags: 
Id flags: --c++ 

The output was:
系统找不到指定的文件。


Compiling the CXX compiler identification source file "CMakeCXXCompilerId.cpp" failed.
Compiler: /usr/bin/x86_64-linux-gnu-g++-7 
Build flags: 
Id flags: --ec++ 

The output was:
系统找不到指定的文件。


Compiling the CXX compiler identification source file "CMakeCXXCompilerId.cpp" failed.
Compiler: /usr/bin/x86_64-linux-gnu-g++-7 
Build flags: 
Id flags: --target=arm-arm-none-eabi;-mcpu=cortex-m3 

The output was:
系统找不到指定的文件。


Compiling the CXX compiler identification source file "CMakeCXXCompilerId.cpp" failed.
Compiler: /usr/bin/x86_64-linux-gnu-g++-7 
Build flags: 
Id flags: -c;-I__does_not_exist__ 

The output was:
系统找不到指定的文件。


Checking whether the CXX compiler is IAR using "" did not match "IAR .+ Compiler":
Checking whether the CXX compiler is IAR using "" did not match "IAR .+ Compiler":
Compiling the C compiler identification source file "CMakeCCompilerId.c" failed.
Compiler: /usr/bin/x86_64-linux-gnu-gcc-7 
Build flags: 
Id flags:  

The output was:
系统找不到指定的文件。


Compiling the C compiler identification source file "CMakeCCompilerId.c" failed.
Compiler: /usr/bin/x86_64-linux-gnu-gcc-7 
Build flags: 
Id flags: -c 

The output was:
系统找不到指定的文件。


Compiling the C compiler identification source file "CMakeCCompilerId.c" failed.
Compiler: /usr/bin/x86_64-linux-gnu-gcc-7 
Build flags: 
Id flags: -Aa 

The output was:
系统找不到指定的文件。


Compiling the C compiler identification source file "CMakeCCompilerId.c" failed.
Compiler: /usr/bin/x86_64-linux-gnu-gcc-7 
Build flags: 
Id flags: -D__CLASSIC_C__ 

The output was:
系统找不到指定的文件。


Compiling the C compiler identification source file "CMakeCCompilerId.c" failed.
Compiler: /usr/bin/x86_64-linux-gnu-gcc-7 
Build flags: 
Id flags: --target=arm-arm-none-eabi;-mcpu=cortex-m3 

The output was:
系统找不到指定的文件。


Compiling the C compiler identification source file "CMakeCCompilerId.c" failed.
Compiler: /usr/bin/x86_64-linux-gnu-gcc-7 
Build flags: 
Id flags: -c;-I__does_not_exist__ 

The output was:
系统找不到指定的文件。


Compiling the C compiler identification source file "CMakeCCompilerId.c" failed.
Compiler: /usr/bin/x86_64-linux-gnu-gcc-7 
Build flags: 
Id flags:  

The output was:
系统找不到指定的文件。


Compiling the C compiler identification source file "CMakeCCompilerId.c" failed.
Compiler: /usr/bin/x86_64-linux-gnu-gcc-7 
Build flags: 
Id flags: -c 

The output was:
系统找不到指定的文件。


Compiling the C compiler identification source file "CMakeCCompilerId.c" failed.
Compiler: /usr/bin/x86_64-linux-gnu-gcc-7 
Build flags: 
Id flags: -Aa 

The output was:
系统找不到指定的文件。


Compiling the C compiler identification source file "CMakeCCompilerId.c" failed.
Compiler: /usr/bin/x86_64-linux-gnu-gcc-7 
Build flags: 
Id flags: -D__CLASSIC_C__ 

The output was:
系统找不到指定的文件。


Compiling the C compiler identification source file "CMakeCCompilerId.c" failed.
Compiler: /usr/bin/x86_64-linux-gnu-gcc-7 
Build flags: 
Id flags: --target=arm-arm-none-eabi;-mcpu=cortex-m3 

The output was:
系统找不到指定的文件。


Compiling the C compiler identification source file "CMakeCCompilerId.c" failed.
Compiler: /usr/bin/x86_64-linux-gnu-gcc-7 
Build flags: 
Id flags: -c;-I__does_not_exist__ 

The output was:
系统找不到指定的文件。


Checking whether the C compiler is IAR using "" did not match "IAR .+ Compiler":
Checking whether the C compiler is IAR using "" did not match "IAR .+ Compiler":
Compiling the CXX compiler identification source file "CMakeCXXCompilerId.cpp" failed.
Compiler: /usr/bin/x86_64-linux-gnu-g++-7 
Build flags: 
Id flags:  

The output was:
系统找不到指定的文件。


Compiling the CXX compiler identification source file "CMakeCXXCompilerId.cpp" failed.
Compiler: /usr/bin/x86_64-linux-gnu-g++-7 
Build flags: 
Id flags: -c 

The output was:
系统找不到指定的文件。


Compiling the CXX compiler identification source file "CMakeCXXCompilerId.cpp" failed.
Compiler: /usr/bin/x86_64-linux-gnu-g++-7 
Build flags: 
Id flags: --c++ 

The output was:
系统找不到指定的文件。


Compiling the CXX compiler identification source file "CMakeCXXCompilerId.cpp" failed.
Compiler: /usr/bin/x86_64-linux-gnu-g++-7 
Build flags: 
Id flags: --ec++ 

The output was:
系统找不到指定的文件。


Compiling the CXX compiler identification source file "CMakeCXXCompilerId.cpp" failed.
Compiler: /usr/bin/x86_64-linux-gnu-g++-7 
Build flags: 
Id flags: --target=arm-arm-none-eabi;-mcpu=cortex-m3 

The output was:
系统找不到指定的文件。


Compiling the CXX compiler identification source file "CMakeCXXCompilerId.cpp" failed.
Compiler: /usr/bin/x86_64-linux-gnu-g++-7 
Build flags: 
Id flags: -c;-I__does_not_exist__ 

The output was:
系统找不到指定的文件。


Compiling the CXX compiler identification source file "CMakeCXXCompilerId.cpp" failed.
Compiler: /usr/bin/x86_64-linux-gnu-g++-7 
Build flags: 
Id flags:  

The output was:
系统找不到指定的文件。


Compiling the CXX compiler identification source file "CMakeCXXCompilerId.cpp" failed.
Compiler: /usr/bin/x86_64-linux-gnu-g++-7 
Build flags: 
Id flags: -c 

The output was:
系统找不到指定的文件。


Compiling the CXX compiler identification source file "CMakeCXXCompilerId.cpp" failed.
Compiler: /usr/bin/x86_64-linux-gnu-g++-7 
Build flags: 
Id flags: --c++ 

The output was:
系统找不到指定的文件。


Compiling the CXX compiler identification source file "CMakeCXXCompilerId.cpp" failed.
Compiler: /usr/bin/x86_64-linux-gnu-g++-7 
Build flags: 
Id flags: --ec++ 

The output was:
系统找不到指定的文件。


Compiling the CXX compiler identification source file "CMakeCXXCompilerId.cpp" failed.
Compiler: /usr/bin/x86_64-linux-gnu-g++-7 
Build flags: 
Id flags: --target=arm-arm-none-eabi;-mcpu=cortex-m3 

The output was:
系统找不到指定的文件。


Compiling the CXX compiler identification source file "CMakeCXXCompilerId.cpp" failed.
Compiler: /usr/bin/x86_64-linux-gnu-g++-7 
Build flags: 
Id flags: -c;-I__does_not_exist__ 

The output was:
系统找不到指定的文件。


Checking whether the CXX compiler is IAR using "" did not match "IAR .+ Compiler":
Checking whether the CXX compiler is IAR using "" did not match "IAR .+ Compiler":
